0 info it worked if it ends with ok
1 verbose cli [ '/usr/local/bin/node',
1 verbose cli   '/usr/local/bin/npm',
1 verbose cli   'install',
1 verbose cli   'd3',
1 verbose cli   '--save' ]
2 info using npm@3.10.9
3 info using node@v7.1.0
4 silly loadCurrentTree Starting
5 silly install loadCurrentTree
6 silly install readLocalPackageData
7 silly fetchPackageMetaData d3
8 silly fetchNamedPackageData d3
9 silly mapToRegistry name d3
10 silly mapToRegistry using default registry
11 silly mapToRegistry registry https://nexus.bistel.com:8443/repository/npm-all/
12 silly mapToRegistry data Result {
12 silly mapToRegistry   raw: 'd3',
12 silly mapToRegistry   scope: null,
12 silly mapToRegistry   escapedName: 'd3',
12 silly mapToRegistry   name: 'd3',
12 silly mapToRegistry   rawSpec: '',
12 silly mapToRegistry   spec: 'latest',
12 silly mapToRegistry   type: 'tag' }
13 silly mapToRegistry uri https://nexus.bistel.com:8443/repository/npm-all/d3
14 verbose request uri https://nexus.bistel.com:8443/repository/npm-all/d3
15 verbose request always-auth set; sending authorization
16 info attempt registry request try #1 at 22:52:47
17 verbose request id 01913e739f96774d
18 http request GET https://nexus.bistel.com:8443/repository/npm-all/d3
19 info retry will retry, error on last attempt: Error: connect ETIMEDOUT 40.74.138.150:8443
20 info attempt registry request try #2 at 22:54:13
21 http request GET https://nexus.bistel.com:8443/repository/npm-all/d3
22 info retry will retry, error on last attempt: Error: connect ETIMEDOUT 40.74.138.150:8443
23 info attempt registry request try #3 at 22:56:28
24 http request GET https://nexus.bistel.com:8443/repository/npm-all/d3
25 silly fetchPackageMetaData Error: connect ETIMEDOUT 40.74.138.150:8443
25 silly fetchPackageMetaData     at Object.exports._errnoException (util.js:1022:11)
25 silly fetchPackageMetaData     at exports._exceptionWithHostPort (util.js:1045:20)
25 silly fetchPackageMetaData     at TCPConnectWrap.afterConnect [as oncomplete] (net.js:1090:14)
25 silly fetchPackageMetaData  error for d3 { Error: connect ETIMEDOUT 40.74.138.150:8443
25 silly fetchPackageMetaData     at Object.exports._errnoException (util.js:1022:11)
25 silly fetchPackageMetaData     at exports._exceptionWithHostPort (util.js:1045:20)
25 silly fetchPackageMetaData     at TCPConnectWrap.afterConnect [as oncomplete] (net.js:1090:14)
25 silly fetchPackageMetaData   code: 'ETIMEDOUT',
25 silly fetchPackageMetaData   errno: 'ETIMEDOUT',
25 silly fetchPackageMetaData   syscall: 'connect',
25 silly fetchPackageMetaData   address: '40.74.138.150',
25 silly fetchPackageMetaData   port: 8443 }
26 silly rollbackFailedOptional Starting
27 silly rollbackFailedOptional Finishing
28 silly runTopLevelLifecycles Finishing
29 silly install printInstalled
30 verbose stack Error: connect ETIMEDOUT 40.74.138.150:8443
30 verbose stack     at Object.exports._errnoException (util.js:1022:11)
30 verbose stack     at exports._exceptionWithHostPort (util.js:1045:20)
30 verbose stack     at TCPConnectWrap.afterConnect [as oncomplete] (net.js:1090:14)
31 verbose cwd /Users/jwhong/jwhong_git/javascript_csvMerge
32 error Darwin 16.1.0
33 error argv "/usr/local/bin/node" "/usr/local/bin/npm" "install" "d3" "--save"
34 error node v7.1.0
35 error npm  v3.10.9
36 error code ETIMEDOUT
37 error errno ETIMEDOUT
38 error syscall connect
39 error network connect ETIMEDOUT 40.74.138.150:8443
40 error network This is most likely not a problem with npm itself
40 error network and is related to network connectivity.
40 error network In most cases you are behind a proxy or have bad network settings.
40 error network
40 error network If you are behind a proxy, please make sure that the
40 error network 'proxy' config is set properly.  See: 'npm help config'
41 verbose exit [ 1, true ]
